Received message: hi
Response: {"reply":"Bạn thích thể loại sách nào hoặc muốn tôi giới thiệu thể loại gì?"}
Received message: hi
Response: {"reply":"Bạn thích thể loại sách nào hoặc muốn tôi giới thiệu thể loại gì?"}
Received message: hi
Response: {"reply":"Bạn thích thể loại sách nào hoặc muốn tôi giới thiệu thể loại gì?"}
Received message: hi
Response: {"reply":"Bạn thích thể loại sách nào hoặc muốn tôi giới thiệu thể loại gì?"}
Received message: có sách gì
Response: {"reply":"Bạn thích thể loại sách nào hoặc muốn tôi giới thiệu thể loại gì?"}
Received message: Mâng
Response: {"reply":"Bạn thích thể loại sách nào hoặc muốn tôi giới thiệu thể loại gì?"}
Received message: Tiểu Thuyết
Response: {"reply":"Bạn thích thể loại sách nào hoặc muốn tôi giới thiệu thể loại gì?"}
Received message: IT
Response: {"reply":"Bạn đang có tâm trạng như thế nào hôm nay?"}
Received message: CAK
Response: {"reply":"Bạn đang có tâm trạng như thế nào hôm nay?"}
Received message: hello
Response: {"reply":"Xin chào! Tôi có thể giúp bạn tìm sách như thế nào?"}
Received message: có sách Trinh Thám không
Response: {"reply":"Bạn thích thể loại sách nào hoặc muốn tôi giới thiệu thể loại gì?"}
Received message: IT
Response: {"reply":"Bạn đang có tâm trạng như thế nào hôm nay?"}
Received message: vcl
Response: {"reply":"Bạn đang có tâm trạng như thế nào hôm nay?"}
Received message: hi
Received message: hello
Received message: hii
Response: {"reply":"Xin lỗi, tôi chưa hiểu thể loại bạn muốn. Bạn thích thể loại sách nào?"}
Received message: buồn
Response: {"reply":"Xin lỗi, tôi chưa hiểu thể loại bạn muốn. Bạn thích thể loại sách nào?"}
Received message: IT
Response: {"reply":"Bạn đang có tâm trạng như thế nào hôm nay?"}
Received message: Sad
Response: {"reply":"Bạn là người mới bắt đầu hay có kinh nghiệm đọc sách rồi?"}
Received message: new
Response: {"reply":"Xin lỗi, bạn đang ở cấp độ đọc nào, mới bắt đầu hay nâng cao?"}
Received message: nêw
Response: {"reply":"Xin lỗi, bạn đang ở cấp độ đọc nào, mới bắt đầu hay nâng cao?"}
Received message: nomal
Response: {"reply":"Xin lỗi, bạn đang ở cấp độ đọc nào, mới bắt đầu hay nâng cao?"}
Received message: mới
Response: {"reply":"Xin lỗi, bạn đang ở cấp độ đọc nào, mới bắt đầu hay nâng cao?"}
Received message: mới bất đầu
Response: {"reply":"Xin lỗi, bạn đang ở cấp độ đọc nào, mới bắt đầu hay nâng cao?"}
Received message: mood
Response: {"reply":"Xin lỗi, bạn đang ở cấp độ đọc nào, mới bắt đầu hay nâng cao?"}
Received message: HI
Received message: hi
Received message: hi
Received message: hi
Response: {"reply":"Xin lỗi, tôi chưa hiểu thể loại bạn muốn. Bạn thích thể loại sách nào?"}
Received message: IT
Response: {"reply":"Bạn đang có tâm trạng như thế nào hôm nay?"}
Received message: sad
Response: {"reply":"Bạn là người mới bắt đầu hay có kinh nghiệm đọc sách rồi?"}
Received message: mới
Response: {"reply":"Xin lỗi, bạn đang ở cấp độ đọc nào, mới bắt đầu hay nâng cao?"}
Received message: mới bắt đầu
Response: {"reply":"Xin lỗi, bạn đang ở cấp độ đọc nào, mới bắt đầu hay nâng cao?"}
Received message: mới
Response: {"reply":"Xin lỗi, bạn đang ở cấp độ đọc nào, mới bắt đầu hay nâng cao?"}
Received message: cấp 1
Response: {"reply":"Xin lỗi, bạn đang ở cấp độ đọc nào, mới bắt đầu hay nâng cao?"}
Received message: hi
Response: {"reply":"Bạn thích thể loại sách nào hoặc muốn tôi giới thiệu thể loại gì?"}
Received message: hi
Response: {"reply":"Bạn thích thể loại sách nào hoặc muốn tôi giới thiệu thể loại gì?"}
